Internal Server Error: /admin/settings/
Traceback (most recent call last):
  File "C:\Users\Selvaraj S\Downloads\VTMS_new\venv\Lib\site-packages\django\db\backends\utils.py", line 105, in _execute
    return self.cursor.execute(sql, params)
           ~~~~~~~~~~~~~~~~~~~^^^^^^^^^^^^^
  File "C:\Users\Selvaraj S\Downloads\VTMS_new\venv\Lib\site-packages\django\db\backends\sqlite3\base.py", line 359, in execute
    return super().execute(query, params)
           ~~~~~~~~~~~~~~~^^^^^^^^^^^^^^^
sqlite3.OperationalError: attempt to write a readonly database

The above exception was the direct cause of the following exception:

Traceback (most recent call last):
  File "C:\Users\Selvaraj S\Downloads\VTMS_new\venv\Lib\site-packages\django\core\handlers\exception.py", line 55, in inner
    response = get_response(request)
  File "C:\Users\Selvaraj S\Downloads\VTMS_new\venv\Lib\site-packages\django\core\handlers\base.py", line 198, in _get_response
    response = wrapped_callback(request, *callback_args, **callback_kwargs)
  File "C:\Users\Selvaraj S\Downloads\VTMS_new\core\views.py", line 763, in settings
    setting.save()
    ~~~~~~~~~~~~^^
  File "C:\Users\Selvaraj S\Downloads\VTMS_new\venv\Lib\site-packages\django\db\models\base.py", line 874, in save
    self.save_base(
    ~~~~~~~~~~~~~~^
        using=using,
        ^^^^^^^^^^^^
    ...<2 lines>...
        update_fields=update_fields,
        ^^^^^^^^^^^^^^^^^^^^^^^^^^^^
    )
    ^
  File "C:\Users\Selvaraj S\Downloads\VTMS_new\venv\Lib\site-packages\django\db\models\base.py", line 966, in save_base
    updated = self._save_table(
        raw,
    ...<4 lines>...
        update_fields,
    )
  File "C:\Users\Selvaraj S\Downloads\VTMS_new\venv\Lib\site-packages\django\db\models\base.py", line 1110, in _save_table
    results = self._do_update(
        base_qs,
    ...<5 lines>...
        returning_fields,
    )
  File "C:\Users\Selvaraj S\Downloads\VTMS_new\venv\Lib\site-packages\django\db\models\base.py", line 1213, in _do_update
    return filtered._update(values, returning_fields)
           ~~~~~~~~~~~~~~~~^^^^^^^^^^^^^^^^^^^^^^^^^^
  File "C:\Users\Selvaraj S\Downloads\VTMS_new\venv\Lib\site-packages\django\db\models\query.py", line 1327, in _update
    return query.get_compiler(self.db).execute_returning_sql(returning_fields)
           ~~~~~~~~~~~~~~~~~~~~~~~~~~~~~~~~~~~~~~~~~~~~~~~~~^^^^^^^^^^^^^^^^^^
  File "C:\Users\Selvaraj S\Downloads\VTMS_new\venv\Lib\site-packages\django\db\models\sql\compiler.py", line 2140, in execute_returning_sql
    row_count = self.execute_sql(ROW_COUNT)
  File "C:\Users\Selvaraj S\Downloads\VTMS_new\venv\Lib\site-packages\django\db\models\sql\compiler.py", line 2111, in execute_sql
    row_count = super().execute_sql(result_type)
  File "C:\Users\Selvaraj S\Downloads\VTMS_new\venv\Lib\site-packages\django\db\models\sql\compiler.py", line 1624, in execute_sql
    cursor.execute(sql, params)
    ~~~~~~~~~~~~~~^^^^^^^^^^^^^
  File "C:\Users\Selvaraj S\Downloads\VTMS_new\venv\Lib\site-packages\django\db\backends\utils.py", line 79, in execute
    return self._execute_with_wrappers(
           ~~~~~~~~~~~~~~~~~~~~~~~~~~~^
        sql, params, many=False, executor=self._execute
        ^^^^^^^^^^^^^^^^^^^^^^^^^^^^^^^^^^^^^^^^^^^^^^^
    )
    ^
  File "C:\Users\Selvaraj S\Downloads\VTMS_new\venv\Lib\site-packages\django\db\backends\utils.py", line 92, in _execute_with_wrappers
    return executor(sql, params, many, context)
  File "C:\Users\Selvaraj S\Downloads\VTMS_new\venv\Lib\site-packages\django\db\backends\utils.py", line 100, in _execute
    with self.db.wrap_database_errors:
         ^^^^^^^^^^^^^^^^^^^^^^^^^^^^
  File "C:\Users\Selvaraj S\Downloads\VTMS_new\venv\Lib\site-packages\django\db\utils.py", line 94, in __exit__
    raise dj_exc_value.with_traceback(traceback) from exc_value
  File "C:\Users\Selvaraj S\Downloads\VTMS_new\venv\Lib\site-packages\django\db\backends\utils.py", line 105, in _execute
    return self.cursor.execute(sql, params)
           ~~~~~~~~~~~~~~~~~~~^^^^^^^^^^^^^
  File "C:\Users\Selvaraj S\Downloads\VTMS_new\venv\Lib\site-packages\django\db\backends\sqlite3\base.py", line 359, in execute
    return super().execute(query, params)
           ~~~~~~~~~~~~~~~^^^^^^^^^^^^^^^
django.db.utils.OperationalError: attempt to write a readonly database
"POST /admin/settings/ HTTP/1.1" 500 145
Internal Server Error: /admin/settings/
Traceback (most recent call last):
  File "C:\Users\Selvaraj S\Downloads\VTMS_new\venv\Lib\site-packages\django\db\backends\utils.py", line 105, in _execute
    return self.cursor.execute(sql, params)
           ~~~~~~~~~~~~~~~~~~~^^^^^^^^^^^^^
  File "C:\Users\Selvaraj S\Downloads\VTMS_new\venv\Lib\site-packages\django\db\backends\sqlite3\base.py", line 359, in execute
    return super().execute(query, params)
           ~~~~~~~~~~~~~~~^^^^^^^^^^^^^^^
sqlite3.OperationalError: attempt to write a readonly database

The above exception was the direct cause of the following exception:

Traceback (most recent call last):
  File "C:\Users\Selvaraj S\Downloads\VTMS_new\venv\Lib\site-packages\django\core\handlers\exception.py", line 55, in inner
    response = get_response(request)
  File "C:\Users\Selvaraj S\Downloads\VTMS_new\venv\Lib\site-packages\django\core\handlers\base.py", line 198, in _get_response
    response = wrapped_callback(request, *callback_args, **callback_kwargs)
  File "C:\Users\Selvaraj S\Downloads\VTMS_new\core\views.py", line 763, in settings
    setting.save()
    ~~~~~~~~~~~~^^
  File "C:\Users\Selvaraj S\Downloads\VTMS_new\venv\Lib\site-packages\django\db\models\base.py", line 874, in save
    self.save_base(
    ~~~~~~~~~~~~~~^
        using=using,
        ^^^^^^^^^^^^
    ...<2 lines>...
        update_fields=update_fields,
        ^^^^^^^^^^^^^^^^^^^^^^^^^^^^
    )
    ^
  File "C:\Users\Selvaraj S\Downloads\VTMS_new\venv\Lib\site-packages\django\db\models\base.py", line 966, in save_base
    updated = self._save_table(
        raw,
    ...<4 lines>...
        update_fields,
    )
  File "C:\Users\Selvaraj S\Downloads\VTMS_new\venv\Lib\site-packages\django\db\models\base.py", line 1110, in _save_table
    results = self._do_update(
        base_qs,
    ...<5 lines>...
        returning_fields,
    )
  File "C:\Users\Selvaraj S\Downloads\VTMS_new\venv\Lib\site-packages\django\db\models\base.py", line 1213, in _do_update
    return filtered._update(values, returning_fields)
           ~~~~~~~~~~~~~~~~^^^^^^^^^^^^^^^^^^^^^^^^^^
  File "C:\Users\Selvaraj S\Downloads\VTMS_new\venv\Lib\site-packages\django\db\models\query.py", line 1327, in _update
    return query.get_compiler(self.db).execute_returning_sql(returning_fields)
           ~~~~~~~~~~~~~~~~~~~~~~~~~~~~~~~~~~~~~~~~~~~~~~~~~^^^^^^^^^^^^^^^^^^
  File "C:\Users\Selvaraj S\Downloads\VTMS_new\venv\Lib\site-packages\django\db\models\sql\compiler.py", line 2140, in execute_returning_sql
    row_count = self.execute_sql(ROW_COUNT)
  File "C:\Users\Selvaraj S\Downloads\VTMS_new\venv\Lib\site-packages\django\db\models\sql\compiler.py", line 2111, in execute_sql
    row_count = super().execute_sql(result_type)
  File "C:\Users\Selvaraj S\Downloads\VTMS_new\venv\Lib\site-packages\django\db\models\sql\compiler.py", line 1624, in execute_sql
    cursor.execute(sql, params)
    ~~~~~~~~~~~~~~^^^^^^^^^^^^^
  File "C:\Users\Selvaraj S\Downloads\VTMS_new\venv\Lib\site-packages\django\db\backends\utils.py", line 79, in execute
    return self._execute_with_wrappers(
           ~~~~~~~~~~~~~~~~~~~~~~~~~~~^
        sql, params, many=False, executor=self._execute
        ^^^^^^^^^^^^^^^^^^^^^^^^^^^^^^^^^^^^^^^^^^^^^^^
    )
    ^
  File "C:\Users\Selvaraj S\Downloads\VTMS_new\venv\Lib\site-packages\django\db\backends\utils.py", line 92, in _execute_with_wrappers
    return executor(sql, params, many, context)
  File "C:\Users\Selvaraj S\Downloads\VTMS_new\venv\Lib\site-packages\django\db\backends\utils.py", line 100, in _execute
    with self.db.wrap_database_errors:
         ^^^^^^^^^^^^^^^^^^^^^^^^^^^^
  File "C:\Users\Selvaraj S\Downloads\VTMS_new\venv\Lib\site-packages\django\db\utils.py", line 94, in __exit__
    raise dj_exc_value.with_traceback(traceback) from exc_value
  File "C:\Users\Selvaraj S\Downloads\VTMS_new\venv\Lib\site-packages\django\db\backends\utils.py", line 105, in _execute
    return self.cursor.execute(sql, params)
           ~~~~~~~~~~~~~~~~~~~^^^^^^^^^^^^^
  File "C:\Users\Selvaraj S\Downloads\VTMS_new\venv\Lib\site-packages\django\db\backends\sqlite3\base.py", line 359, in execute
    return super().execute(query, params)
           ~~~~~~~~~~~~~~~^^^^^^^^^^^^^^^
django.db.utils.OperationalError: attempt to write a readonly database
"POST /admin/settings/ HTTP/1.1" 500 145
Internal Server Error: /admin/trainers/add/
Traceback (most recent call last):
  File "C:\Users\Selvaraj S\Downloads\VTMS_new\venv\Lib\site-packages\django\db\backends\utils.py", line 105, in _execute
    return self.cursor.execute(sql, params)
           ~~~~~~~~~~~~~~~~~~~^^^^^^^^^^^^^
  File "C:\Users\Selvaraj S\Downloads\VTMS_new\venv\Lib\site-packages\django\db\backends\sqlite3\base.py", line 359, in execute
    return super().execute(query, params)
           ~~~~~~~~~~~~~~~^^^^^^^^^^^^^^^
sqlite3.OperationalError: attempt to write a readonly database

The above exception was the direct cause of the following exception:

Traceback (most recent call last):
  File "C:\Users\Selvaraj S\Downloads\VTMS_new\venv\Lib\site-packages\django\core\handlers\exception.py", line 55, in inner
    response = get_response(request)
  File "C:\Users\Selvaraj S\Downloads\VTMS_new\venv\Lib\site-packages\django\core\handlers\base.py", line 198, in _get_response
    response = wrapped_callback(request, *callback_args, **callback_kwargs)
  File "C:\Users\Selvaraj S\Downloads\VTMS_new\core\views.py", line 33, in wrapper
    return view_func(request, *args, **kwargs)
  File "C:\Users\Selvaraj S\Downloads\VTMS_new\core\views.py", line 214, in trainer_add
    user = User.objects.create_user(
        email=request.POST['office_mail'],
    ...<2 lines>...
        phone_no=request.POST['phone_no'],
    )
  File "C:\Users\Selvaraj S\Downloads\VTMS_new\core\models.py", line 13, in create_user
    user.save(using=self._db)
    ~~~~~~~~~^^^^^^^^^^^^^^^^
  File "C:\Users\Selvaraj S\Downloads\VTMS_new\venv\Lib\site-packages\django\contrib\auth\base_user.py", line 62, in save
    super().save(**kwargs)
    ~~~~~~~~~~~~^^^^^^^^^^
  File "C:\Users\Selvaraj S\Downloads\VTMS_new\venv\Lib\site-packages\django\db\models\base.py", line 874, in save
    self.save_base(
    ~~~~~~~~~~~~~~^
        using=using,
        ^^^^^^^^^^^^
    ...<2 lines>...
        update_fields=update_fields,
        ^^^^^^^^^^^^^^^^^^^^^^^^^^^^
    )
    ^
  File "C:\Users\Selvaraj S\Downloads\VTMS_new\venv\Lib\site-packages\django\db\models\base.py", line 966, in save_base
    updated = self._save_table(
        raw,
    ...<4 lines>...
        update_fields,
    )
  File "C:\Users\Selvaraj S\Downloads\VTMS_new\venv\Lib\site-packages\django\db\models\base.py", line 1169, in _save_table
    results = self._do_insert(
        cls._base_manager, using, insert_fields, returning_fields, raw
    )
  File "C:\Users\Selvaraj S\Downloads\VTMS_new\venv\Lib\site-packages\django\db\models\base.py", line 1220, in _do_insert
    return manager._insert(
           ~~~~~~~~~~~~~~~^
        [self],
        ^^^^^^^
    ...<3 lines>...
        raw=raw,
        ^^^^^^^^
    )
    ^
  File "C:\Users\Selvaraj S\Downloads\VTMS_new\venv\Lib\site-packages\django\db\models\manager.py", line 87, in manager_method
    return getattr(self.get_queryset(), name)(*args, **kwargs)
           ~~~~~~~~~~~~~~~~~~~~~~~~~~~~~~~~~~^^^^^^^^^^^^^^^^^
  File "C:\Users\Selvaraj S\Downloads\VTMS_new\venv\Lib\site-packages\django\db\models\query.py", line 1918, in _insert
    return query.get_compiler(using=using).execute_sql(returning_fields)
           ~~~~~~~~~~~~~~~~~~~~~~~~~~~~~~~~~~~~~~~~~~~^^^^^^^^^^^^^^^^^^
  File "C:\Users\Selvaraj S\Downloads\VTMS_new\venv\Lib\site-packages\django\db\models\sql\compiler.py", line 1925, in execute_sql
    cursor.execute(sql, params)
    ~~~~~~~~~~~~~~^^^^^^^^^^^^^
  File "C:\Users\Selvaraj S\Downloads\VTMS_new\venv\Lib\site-packages\django\db\backends\utils.py", line 79, in execute
    return self._execute_with_wrappers(
           ~~~~~~~~~~~~~~~~~~~~~~~~~~~^
        sql, params, many=False, executor=self._execute
        ^^^^^^^^^^^^^^^^^^^^^^^^^^^^^^^^^^^^^^^^^^^^^^^
    )
    ^
  File "C:\Users\Selvaraj S\Downloads\VTMS_new\venv\Lib\site-packages\django\db\backends\utils.py", line 92, in _execute_with_wrappers
    return executor(sql, params, many, context)
  File "C:\Users\Selvaraj S\Downloads\VTMS_new\venv\Lib\site-packages\django\db\backends\utils.py", line 100, in _execute
    with self.db.wrap_database_errors:
         ^^^^^^^^^^^^^^^^^^^^^^^^^^^^
  File "C:\Users\Selvaraj S\Downloads\VTMS_new\venv\Lib\site-packages\django\db\utils.py", line 94, in __exit__
    raise dj_exc_value.with_traceback(traceback) from exc_value
  File "C:\Users\Selvaraj S\Downloads\VTMS_new\venv\Lib\site-packages\django\db\backends\utils.py", line 105, in _execute
    return self.cursor.execute(sql, params)
           ~~~~~~~~~~~~~~~~~~~^^^^^^^^^^^^^
  File "C:\Users\Selvaraj S\Downloads\VTMS_new\venv\Lib\site-packages\django\db\backends\sqlite3\base.py", line 359, in execute
    return super().execute(query, params)
           ~~~~~~~~~~~~~~~^^^^^^^^^^^^^^^
django.db.utils.OperationalError: attempt to write a readonly database
"POST /admin/trainers/add/ HTTP/1.1" 500 145
